<?xml version="1.0" encoding="UTF-8"?>
<!-- Generated by org.testng.reporters.JUnitReportReporter -->
<testsuite skipped="1" hostname="LAPTOP-8CH8NE70" name="pl.mwewerek.testcases.AddCustomerTest" tests="4" failures="0" timestamp="2021-07-02T19:04:36 CEST" time="1.520" errors="0">
  <testcase name="addCustomerTest" time="0.332" classname="pl.mwewerek.testcases.AddCustomerTest"/>
  <system-out/>
  <testcase name="addCustomerTest" time="0.293" classname="pl.mwewerek.testcases.AddCustomerTest"/>
  <system-out/>
  <testcase name="addCustomerTest" time="0.000" classname="pl.mwewerek.testcases.AddCustomerTest">
    <skipped/>
  </testcase> <!-- addCustomerTest -->
  <system-out/>
  <testcase name="addCustomerTest" time="0.895" classname="pl.mwewerek.testcases.AddCustomerTest"/>
  <system-out/>
</testsuite> <!-- pl.mwewerek.testcases.AddCustomerTest -->
