<?xml version="1.0" encoding="UTF-8"?>
<!-- Generated by org.testng.reporters.JUnitReportReporter -->
<testsuite skipped="0" hostname="LAPTOP-8CH8NE70" name="pl.mwewerek.testcases.BankManagerLoginTest" tests="1" failures="0" timestamp="2021-07-02T19:04:36 CEST" time="1.840" errors="0">
  <testcase name="bankManagerLoginTest" time="1.840" classname="pl.mwewerek.testcases.BankManagerLoginTest"/>
  <system-out/>
</testsuite> <!-- pl.mwewerek.testcases.BankManagerLoginTest -->
