<?xml version="1.0" encoding="UTF-8"?>
<!-- Generated by org.testng.reporters.JUnitReportReporter -->
<testsuite skipped="0" hostname="LAPTOP-8CH8NE70" name="pl.mwewerek.testcases.OpenAccountTest" tests="1" failures="0" timestamp="2021-07-02T19:04:36 CEST" time="2.917" errors="0">
  <testcase name="openAccountTest" time="2.917" classname="pl.mwewerek.testcases.OpenAccountTest"/>
  <system-out/>
</testsuite> <!-- pl.mwewerek.testcases.OpenAccountTest -->
